<?xml version="1.0" encoding="UTF-8"?>
<!-- Generated by org.testng.reporters.JUnitXMLReporter -->
<testsuite hostname="DESKTOP-QE6D7HJ" ignored="0" name="Default test" tests="6" failures="0" timestamp="24 abr 2018 18:56:36 GMT" time="90.587" errors="0">
  <testcase name="testHomePage" time="0.65" classname="tests.testHome"/>
  <testcase name="testListaPresente" time="8.953" classname="tests.testHome"/>
  <testcase name="testNossasLojas" time="6.165" classname="tests.testHome"/>
  <testcase name="testLogin" time="12.547" classname="tests.testHome"/>
  <testcase name="testCarrinho" time="28.981" classname="tests.testHome"/>
  <testcase name="testLogOut" time="15.025" classname="tests.testHome"/>
</testsuite> <!-- Default test -->
