<?xml version="1.0" encoding="UTF-8"?>
<!-- Generated by org.testng.reporters.JUnitXMLReporter -->
<testsuite hostname="DESKTOP-QE6D7HJ" ignored="0" name="Default test" tests="3" failures="0" timestamp="05 abr 2018 13:08:15 GMT" time="58.803" errors="0">
  <testcase name="testLogin" time="33.147" classname="tests.testHome"/>
  <testcase name="testCategorias" time="0.359" classname="tests.testHome"/>
  <testcase name="testLogOut" time="5.977" classname="tests.testHome"/>
</testsuite> <!-- Default test -->
