<?xml version="1.0" encoding="UTF-8"?>
<!-- Generated by org.testng.reporters.JUnitXMLReporter -->
<testsuite hostname="DESKTOP-QE6D7HJ" ignored="0" name="Default test" tests="3" failures="0" timestamp="05 abr 2018 13:53:15 GMT" time="33.709" errors="0">
  <testcase name="testLogin" time="7.391" classname="tests.testHome"/>
  <testcase name="testCategorias" time="0.346" classname="tests.testHome"/>
  <testcase name="testLogOut" time="7.349" classname="tests.testHome"/>
</testsuite> <!-- Default test -->
