<?xml version="1.0" encoding="UTF-8"?>
<!-- Generated by org.testng.reporters.JUnitXMLReporter -->
<testsuite hostname="DESKTOP-QE6D7HJ" ignored="0" name="Default test" tests="5" failures="0" timestamp="23 abr 2018 12:43:33 GMT" time="106.334" errors="0">
  <testcase name="testLogin" time="9.693" classname="tests.testHome"/>
  <testcase name="testCategorias" time="0.317" classname="tests.testHome"/>
  <testcase name="testAddCart" time="26.698" classname="tests.testHome"/>
  <testcase name="testLogOut" time="15.985" classname="tests.testHome"/>
  <testcase name="testNossasLojas" time="8.66" classname="tests.testHome"/>
</testsuite> <!-- Default test -->
