<?xml version="1.0" encoding="UTF-8"?>
<!-- Generated by org.testng.reporters.JUnitXMLReporter -->
<testsuite hostname="DESKTOP-QE6D7HJ" ignored="0" name="Default test" tests="6" failures="0" timestamp="24 abr 2018 14:44:28 GMT" time="99.611" errors="0">
  <testcase name="testLogin" time="6.044" classname="tests.testHome"/>
  <testcase name="testCategorias" time="0.316" classname="tests.testHome"/>
  <testcase name="testCarrinho" time="29.756" classname="tests.testHome"/>
  <testcase name="testLogOut" time="16.444" classname="tests.testHome"/>
  <testcase name="testNossasLojas" time="7.017" classname="tests.testHome"/>
  <testcase name="testListaPresente" time="5.568" classname="tests.testHome"/>
</testsuite> <!-- Default test -->
