<?xml version="1.0" encoding="UTF-8"?>
<!-- Generated by org.testng.reporters.JUnitXMLReporter -->
<testsuite hostname="DESKTOP-QE6D7HJ" ignored="0" name="Default test" tests="6" failures="0" timestamp="30 abr 2018 17:03:32 GMT" time="106.415" errors="0">
  <testcase name="testHomePage" time="5.193" classname="tests.testEtna"/>
  <testcase name="testListaPresente" time="8.167" classname="tests.testEtna"/>
  <testcase name="testNossasLojas" time="7.511" classname="tests.testEtna"/>
  <testcase name="testLogin" time="20.156" classname="tests.testEtna"/>
  <testcase name="testCarrinho" time="29.099" classname="tests.testEtna"/>
  <testcase name="testLogOut" time="17.403" classname="tests.testEtna"/>
</testsuite> <!-- Default test -->
