<?xml version="1.0" encoding="UTF-8"?>
<!-- Generated by org.testng.reporters.JUnitXMLReporter -->
<testsuite hostname="DESKTOP-QE6D7HJ" ignored="0" name="Default test" tests="3" failures="0" timestamp="05 abr 2018 21:14:43 GMT" time="76.343" errors="0">
  <testcase name="testLogin" time="19.676" classname="tests.testHome"/>
  <testcase name="testCategorias" time="0.356" classname="tests.testHome"/>
  <testcase name="testAddCart" time="38.364" classname="tests.testHome"/>
</testsuite> <!-- Default test -->
