<?xml version="1.0" encoding="UTF-8"?>
<!-- Generated by org.testng.reporters.JUnitXMLReporter -->
<testsuite hostname="DESKTOP-QE6D7HJ" ignored="0" name="Default test" tests="4" failures="0" timestamp="16 abr 2018 18:53:25 GMT" time="67.079" errors="0">
  <testcase name="testLogin" time="9.186" classname="tests.testHome"/>
  <testcase name="testCategorias" time="0.506" classname="tests.testHome"/>
  <testcase name="testAddCart" time="22.228" classname="tests.testHome"/>
  <testcase name="testLogOut" time="19.343" classname="tests.testHome"/>
</testsuite> <!-- Default test -->
