<?xml version="1.0" encoding="UTF-8"?>
<!-- Generated by org.testng.reporters.JUnitXMLReporter -->
<testsuite hostname="DESKTOP-QE6D7HJ" ignored="0" name="Default test" tests="6" failures="0" timestamp="24 abr 2018 14:06:51 GMT" time="115.904" errors="0">
  <testcase name="testLogin" time="8.216" classname="tests.testHome"/>
  <testcase name="testCategorias" time="0.363" classname="tests.testHome"/>
  <testcase name="testCarrinho" time="31.99" classname="tests.testHome"/>
  <testcase name="testLogOut" time="20.975" classname="tests.testHome"/>
  <testcase name="testNossasLojas" time="6.932" classname="tests.testHome"/>
  <testcase name="testListaPresente" time="6.979" classname="tests.testHome"/>
</testsuite> <!-- Default test -->
