<?xml version="1.0" encoding="UTF-8"?>
<!-- Generated by org.testng.reporters.JUnitXMLReporter -->
<testsuite hostname="DESKTOP-QE6D7HJ" ignored="0" name="Default test" tests="6" failures="0" timestamp="03 mai 2018 12:58:41 GMT" time="109.868" errors="0">
  <testcase name="testHomePage" time="5.52" classname="tests.testEtna"/>
  <testcase name="testListaPresente" time="7.654" classname="tests.testEtna"/>
  <testcase name="testNossasLojas" time="6.636" classname="tests.testEtna"/>
  <testcase name="testLogin" time="14.323" classname="tests.testEtna"/>
  <testcase name="testCarrinho" time="36.743" classname="tests.testEtna"/>
  <testcase name="testLogOut" time="16.032" classname="tests.testEtna"/>
</testsuite> <!-- Default test -->
