<?xml version="1.0" encoding="UTF-8"?>
<!-- Generated by org.testng.reporters.JUnitXMLReporter -->
<testsuite hostname="DESKTOP-QE6D7HJ" ignored="0" name="Default test" tests="6" failures="0" timestamp="23 abr 2018 17:36:50 GMT" time="80.653" errors="0">
  <testcase name="testLogin" time="8.255" classname="tests.testHome"/>
  <testcase name="testCategorias" time="0.36" classname="tests.testHome"/>
  <testcase name="testAddCart" time="26.826" classname="tests.testHome"/>
  <testcase name="testLogOut" time="16.338" classname="tests.testHome"/>
  <testcase name="testNossasLojas" time="6.996" classname="tests.testHome"/>
  <testcase name="testListaPresente" time="5.523" classname="tests.testHome"/>
</testsuite> <!-- Default test -->
