<?xml version="1.0" encoding="UTF-8"?>
<!-- Generated by org.testng.reporters.JUnitXMLReporter -->
<testsuite hostname="DESKTOP-QE6D7HJ" ignored="0" name="Default test" tests="6" failures="0" timestamp="08 mai 2018 13:48:26 GMT" time="106.543" errors="0">
  <testcase name="testHomePage" time="5.164" classname="tests.TestEtna"/>
  <testcase name="testListaPresente" time="7.063" classname="tests.TestEtna"/>
  <testcase name="testNossasLojas" time="6.853" classname="tests.TestEtna"/>
  <testcase name="testLogin" time="12.787" classname="tests.TestEtna"/>
  <testcase name="testCarrinho" time="32.116" classname="tests.TestEtna"/>
  <testcase name="testLogOut" time="24.991" classname="tests.TestEtna"/>
</testsuite> <!-- Default test -->
