<?xml version="1.0" encoding="UTF-8"?>
<!-- Generated by org.testng.reporters.JUnitXMLReporter -->
<testsuite hostname="DESKTOP-QE6D7HJ" ignored="0" name="Default test" tests="4" failures="0" timestamp="16 abr 2018 18:39:43 GMT" time="66.508" errors="0">
  <testcase name="testLogin" time="10.666" classname="tests.testHome"/>
  <testcase name="testCategorias" time="0.499" classname="tests.testHome"/>
  <testcase name="testAddCart" time="20.164" classname="tests.testHome"/>
  <testcase name="testLogOut" time="18.051" classname="tests.testHome"/>
</testsuite> <!-- Default test -->
