<?xml version="1.0" encoding="UTF-8"?>
<!-- Generated by org.testng.reporters.JUnitXMLReporter -->
<testsuite hostname="DESKTOP-QE6D7HJ" ignored="0" name="Default test" tests="6" failures="0" timestamp="30 abr 2018 16:30:14 GMT" time="101.005" errors="0">
  <testcase name="testHomePage" time="5.3" classname="tests.testEtna"/>
  <testcase name="testListaPresente" time="8.043" classname="tests.testEtna"/>
  <testcase name="testNossasLojas" time="6.411" classname="tests.testEtna"/>
  <testcase name="testLogin" time="14.314" classname="tests.testEtna"/>
  <testcase name="testCarrinho" time="32.97" classname="tests.testEtna"/>
  <testcase name="testLogOut" time="14.649" classname="tests.testEtna"/>
</testsuite> <!-- Default test -->
