<?xml version="1.0" encoding="UTF-8"?>
<!-- Generated by org.testng.reporters.JUnitXMLReporter -->
<testsuite hostname="DESKTOP-QE6D7HJ" ignored="0" name="Default test" tests="3" failures="0" timestamp="12 abr 2018 20:10:50 GMT" time="56.73" errors="0">
  <testcase name="testLogin" time="13.24" classname="tests.testHome"/>
  <testcase name="testCategorias" time="0.507" classname="tests.testHome"/>
  <testcase name="testAddCart" time="20.055" classname="tests.testHome"/>
</testsuite> <!-- Default test -->
