<?xml version="1.0" encoding="UTF-8"?>
<!-- Generated by org.testng.reporters.JUnitXMLReporter -->
<testsuite hostname="DESKTOP-QE6D7HJ" ignored="0" name="Default test" tests="6" failures="0" timestamp="09 mai 2018 21:47:33 GMT" time="126.386" errors="0">
  <testcase name="testHomePage" time="5.515" classname="tests.TestEtna"/>
  <testcase name="testListaPresente" time="9.842" classname="tests.TestEtna"/>
  <testcase name="testNossasLojas" time="7.434" classname="tests.TestEtna"/>
  <testcase name="testLogin" time="19.971" classname="tests.TestEtna"/>
  <testcase name="testCarrinho" time="42.989" classname="tests.TestEtna"/>
  <testcase name="testLogOut" time="19.434" classname="tests.TestEtna"/>
</testsuite> <!-- Default test -->
