<?xml version="1.0" encoding="UTF-8"?>
<!-- Generated by org.testng.reporters.JUnitXMLReporter -->
<testsuite hostname="DESKTOP-QE6D7HJ" ignored="0" name="Default test" tests="3" failures="0" timestamp="13 abr 2018 19:18:50 GMT" time="81.081" errors="0">
  <testcase name="testLogin" time="7.999" classname="tests.testHome"/>
  <testcase name="testCategorias" time="0.417" classname="tests.testHome"/>
  <testcase name="testAddCart" time="53.254" classname="tests.testHome"/>
</testsuite> <!-- Default test -->
