<?xml version="1.0" encoding="UTF-8"?>
<!-- Generated by org.testng.reporters.JUnitXMLReporter -->
<testsuite hostname="DESKTOP-QE6D7HJ" ignored="0" name="Default test" tests="6" failures="0" timestamp="26 abr 2018 18:06:13 GMT" time="98.695" errors="0">
  <testcase name="testHomePage" time="5.623" classname="tests.testEtna"/>
  <testcase name="testListaPresente" time="7.476" classname="tests.testEtna"/>
  <testcase name="testNossasLojas" time="6.678" classname="tests.testEtna"/>
  <testcase name="testLogin" time="13.561" classname="tests.testEtna"/>
  <testcase name="testCarrinho" time="32.177" classname="tests.testEtna"/>
  <testcase name="testLogOut" time="15.427" classname="tests.testEtna"/>
</testsuite> <!-- Default test -->
