<?xml version="1.0" encoding="UTF-8"?>
<testng-results skipped="0" failed="0" ignored="0" total="3" passed="3">
  <reporter-output>
  </reporter-output>
  <suite name="Default suite" duration-ms="56730" started-at="2018-04-12T20:09:53Z" finished-at="2018-04-12T20:10:50Z">
    <groups>
    </groups>
    <test name="Default test" duration-ms="56730" started-at="2018-04-12T20:09:53Z" finished-at="2018-04-12T20:10:50Z">
      <class name="tests.testHome">
        <test-method status="PASS" signature="setUp()[pri:0, instance:tests.testHome@14acaea5]" name="setUp" is-config="true" duration-ms="21891" started-at="2018-04-12T17:09:53Z" finished-at="2018-04-12T17:10:15Z">
          <reporter-output>
          </reporter-output>
        </test-method> <!-- setUp -->
        <test-method status="PASS" signature="testLogin()[pri:1, instance:tests.testHome@14acaea5]" name="testLogin" duration-ms="13240" started-at="2018-04-12T17:10:15Z" finished-at="2018-04-12T17:10:28Z">
          <reporter-output>
          </reporter-output>
        </test-method> <!-- testLogin -->
        <test-method status="PASS" signature="testCategorias()[pri:2, instance:tests.testHome@14acaea5]" name="testCategorias" duration-ms="507" started-at="2018-04-12T17:10:28Z" finished-at="2018-04-12T17:10:29Z">
          <reporter-output>
          </reporter-output>
        </test-method> <!-- testCategorias -->
        <test-method status="PASS" signature="testAddCart()[pri:3, instance:tests.testHome@14acaea5]" name="testAddCart" duration-ms="20055" started-at="2018-04-12T17:10:29Z" finished-at="2018-04-12T17:10:49Z">
          <reporter-output>
          </reporter-output>
        </test-method> <!-- testAddCart -->
        <test-method status="PASS" signature="tearDown()[pri:0, instance:tests.testHome@14acaea5]" name="tearDown" is-config="true" duration-ms="992" started-at="2018-04-12T17:10:49Z" finished-at="2018-04-12T17:10:50Z">
          <reporter-output>
          </reporter-output>
        </test-method> <!-- tearDown -->
      </class> <!-- tests.testHome -->
    </test> <!-- Default test -->
  </suite> <!-- Default suite -->
</testng-results>
