<?xml version="1.0" encoding="UTF-8"?>
<testng-results skipped="0" failed="0" ignored="0" total="6" passed="6">
  <reporter-output>
  </reporter-output>
  <suite name="Default suite" duration-ms="126386" started-at="2018-05-09T21:45:27Z" finished-at="2018-05-09T21:47:33Z">
    <groups>
    </groups>
    <test name="Default test" duration-ms="126386" started-at="2018-05-09T21:45:27Z" finished-at="2018-05-09T21:47:33Z">
      <class name="tests.TestEtna">
        <test-method status="PASS" signature="setUp()[pri:0, instance:tests.TestEtna@14acaea5]" name="setUp" is-config="true" duration-ms="20137" started-at="2018-05-09T18:45:27Z" finished-at="2018-05-09T18:45:47Z">
          <reporter-output>
          </reporter-output>
        </test-method> <!-- setUp -->
        <test-method status="PASS" signature="testHomePage()[pri:1, instance:tests.TestEtna@14acaea5]" name="testHomePage" duration-ms="5515" started-at="2018-05-09T18:45:47Z" finished-at="2018-05-09T18:45:52Z">
          <reporter-output>
          </reporter-output>
        </test-method> <!-- testHomePage -->
        <test-method status="PASS" signature="testListaPresente()[pri:2, instance:tests.TestEtna@14acaea5]" name="testListaPresente" duration-ms="9842" started-at="2018-05-09T18:45:52Z" finished-at="2018-05-09T18:46:02Z">
          <reporter-output>
          </reporter-output>
        </test-method> <!-- testListaPresente -->
        <test-method status="PASS" signature="testNossasLojas()[pri:3, instance:tests.TestEtna@14acaea5]" name="testNossasLojas" duration-ms="7434" started-at="2018-05-09T18:46:02Z" finished-at="2018-05-09T18:46:10Z">
          <reporter-output>
          </reporter-output>
        </test-method> <!-- testNossasLojas -->
        <test-method status="PASS" signature="testLogin()[pri:4, instance:tests.TestEtna@14acaea5]" name="testLogin" duration-ms="19971" started-at="2018-05-09T18:46:10Z" finished-at="2018-05-09T18:46:30Z">
          <reporter-output>
          </reporter-output>
        </test-method> <!-- testLogin -->
        <test-method status="PASS" signature="testCarrinho()[pri:5, instance:tests.TestEtna@14acaea5]" name="testCarrinho" duration-ms="42989" started-at="2018-05-09T18:46:30Z" finished-at="2018-05-09T18:47:13Z">
          <reporter-output>
          </reporter-output>
        </test-method> <!-- testCarrinho -->
        <test-method status="PASS" signature="testLogOut()[pri:7, instance:tests.TestEtna@14acaea5]" name="testLogOut" duration-ms="19434" started-at="2018-05-09T18:47:13Z" finished-at="2018-05-09T18:47:32Z">
          <reporter-output>
          </reporter-output>
        </test-method> <!-- testLogOut -->
        <test-method status="PASS" signature="tearDown()[pri:0, instance:tests.TestEtna@14acaea5]" name="tearDown" is-config="true" duration-ms="1018" started-at="2018-05-09T18:47:32Z" finished-at="2018-05-09T18:47:33Z">
          <reporter-output>
          </reporter-output>
        </test-method> <!-- tearDown -->
      </class> <!-- tests.TestEtna -->
    </test> <!-- Default test -->
  </suite> <!-- Default suite -->
</testng-results>
