<?xml version="1.0" encoding="UTF-8"?>
<testng-results skipped="0" failed="0" ignored="0" total="6" passed="6">
  <reporter-output>
  </reporter-output>
  <suite name="Default suite" duration-ms="96399" started-at="2018-04-25T18:24:27Z" finished-at="2018-04-25T18:26:04Z">
    <groups>
    </groups>
    <test name="Default test" duration-ms="96399" started-at="2018-04-25T18:24:27Z" finished-at="2018-04-25T18:26:04Z">
      <class name="tests.testHome">
        <test-method status="PASS" signature="setUp()[pri:0, instance:tests.testHome@14acaea5]" name="setUp" is-config="true" duration-ms="19527" started-at="2018-04-25T15:24:27Z" finished-at="2018-04-25T15:24:47Z">
          <reporter-output>
          </reporter-output>
        </test-method> <!-- setUp -->
        <test-method status="PASS" signature="testHomePage()[pri:1, instance:tests.testHome@14acaea5]" name="testHomePage" duration-ms="5377" started-at="2018-04-25T15:24:47Z" finished-at="2018-04-25T15:24:52Z">
          <reporter-output>
          </reporter-output>
        </test-method> <!-- testHomePage -->
        <test-method status="PASS" signature="testListaPresente()[pri:2, instance:tests.testHome@14acaea5]" name="testListaPresente" duration-ms="7264" started-at="2018-04-25T15:24:52Z" finished-at="2018-04-25T15:25:00Z">
          <reporter-output>
          </reporter-output>
        </test-method> <!-- testListaPresente -->
        <test-method status="PASS" signature="testNossasLojas()[pri:3, instance:tests.testHome@14acaea5]" name="testNossasLojas" duration-ms="6904" started-at="2018-04-25T15:25:00Z" finished-at="2018-04-25T15:25:07Z">
          <reporter-output>
          </reporter-output>
        </test-method> <!-- testNossasLojas -->
        <test-method status="PASS" signature="testLogin()[pri:4, instance:tests.testHome@14acaea5]" name="testLogin" duration-ms="13481" started-at="2018-04-25T15:25:07Z" finished-at="2018-04-25T15:25:20Z">
          <reporter-output>
          </reporter-output>
        </test-method> <!-- testLogin -->
        <test-method status="PASS" signature="testCarrinho()[pri:5, instance:tests.testHome@14acaea5]" name="testCarrinho" duration-ms="26768" started-at="2018-04-25T15:25:20Z" finished-at="2018-04-25T15:25:47Z">
          <reporter-output>
          </reporter-output>
        </test-method> <!-- testCarrinho -->
        <test-method status="PASS" signature="testLogOut()[pri:20, instance:tests.testHome@14acaea5]" name="testLogOut" duration-ms="15703" started-at="2018-04-25T15:25:47Z" finished-at="2018-04-25T15:26:03Z">
          <reporter-output>
          </reporter-output>
        </test-method> <!-- testLogOut -->
        <test-method status="PASS" signature="tearDown()[pri:0, instance:tests.testHome@14acaea5]" name="tearDown" is-config="true" duration-ms="1338" started-at="2018-04-25T15:26:03Z" finished-at="2018-04-25T15:26:04Z">
          <reporter-output>
          </reporter-output>
        </test-method> <!-- tearDown -->
      </class> <!-- tests.testHome -->
    </test> <!-- Default test -->
  </suite> <!-- Default suite -->
</testng-results>
