<?xml version="1.0" encoding="UTF-8"?>
<testng-results skipped="0" failed="0" ignored="0" total="3" passed="3">
  <reporter-output>
  </reporter-output>
  <suite name="Default suite" duration-ms="58803" started-at="2018-04-05T13:07:16Z" finished-at="2018-04-05T13:08:15Z">
    <groups>
    </groups>
    <test name="Default test" duration-ms="58803" started-at="2018-04-05T13:07:16Z" finished-at="2018-04-05T13:08:15Z">
      <class name="tests.testHome">
        <test-method status="PASS" signature="setUp()[pri:0, instance:tests.testHome@14acaea5]" name="setUp" is-config="true" duration-ms="17917" started-at="2018-04-05T10:07:16Z" finished-at="2018-04-05T10:07:34Z">
          <reporter-output>
          </reporter-output>
        </test-method> <!-- setUp -->
        <test-method status="PASS" signature="testLogin()[pri:0, instance:tests.testHome@14acaea5]" name="testLogin" duration-ms="33147" started-at="2018-04-05T10:07:34Z" finished-at="2018-04-05T10:08:07Z">
          <reporter-output>
          </reporter-output>
        </test-method> <!-- testLogin -->
        <test-method status="PASS" signature="testCategorias()[pri:1, instance:tests.testHome@14acaea5]" name="testCategorias" duration-ms="359" started-at="2018-04-05T10:08:07Z" finished-at="2018-04-05T10:08:07Z">
          <reporter-output>
          </reporter-output>
        </test-method> <!-- testCategorias -->
        <test-method status="PASS" signature="testLogOut()[pri:2, instance:tests.testHome@14acaea5]" name="testLogOut" duration-ms="5977" started-at="2018-04-05T10:08:07Z" finished-at="2018-04-05T10:08:13Z">
          <reporter-output>
          </reporter-output>
        </test-method> <!-- testLogOut -->
        <test-method status="PASS" signature="tearDown()[pri:0, instance:tests.testHome@14acaea5]" name="tearDown" is-config="true" duration-ms="1380" started-at="2018-04-05T10:08:13Z" finished-at="2018-04-05T10:08:15Z">
          <reporter-output>
          </reporter-output>
        </test-method> <!-- tearDown -->
      </class> <!-- tests.testHome -->
    </test> <!-- Default test -->
  </suite> <!-- Default suite -->
</testng-results>
