<?xml version="1.0" encoding="UTF-8"?>
<testng-results skipped="0" failed="0" ignored="0" total="6" passed="6">
  <reporter-output>
  </reporter-output>
  <suite name="Default suite" duration-ms="83158" started-at="2018-04-23T17:18:10Z" finished-at="2018-04-23T17:19:33Z">
    <groups>
    </groups>
    <test name="Default test" duration-ms="83158" started-at="2018-04-23T17:18:10Z" finished-at="2018-04-23T17:19:33Z">
      <class name="tests.testHome">
        <test-method status="PASS" signature="setUp()[pri:0, instance:tests.testHome@14acaea5]" name="setUp" is-config="true" duration-ms="15478" started-at="2018-04-23T14:18:10Z" finished-at="2018-04-23T14:18:25Z">
          <reporter-output>
          </reporter-output>
        </test-method> <!-- setUp -->
        <test-method status="PASS" signature="testLogin()[pri:1, instance:tests.testHome@14acaea5]" name="testLogin" duration-ms="7466" started-at="2018-04-23T14:18:25Z" finished-at="2018-04-23T14:18:33Z">
          <reporter-output>
          </reporter-output>
        </test-method> <!-- testLogin -->
        <test-method status="PASS" signature="testCategorias()[pri:2, instance:tests.testHome@14acaea5]" name="testCategorias" duration-ms="326" started-at="2018-04-23T14:18:33Z" finished-at="2018-04-23T14:18:33Z">
          <reporter-output>
          </reporter-output>
        </test-method> <!-- testCategorias -->
        <test-method status="PASS" signature="testAddCart()[pri:3, instance:tests.testHome@14acaea5]" name="testAddCart" duration-ms="24494" started-at="2018-04-23T14:18:33Z" finished-at="2018-04-23T14:18:58Z">
          <reporter-output>
          </reporter-output>
        </test-method> <!-- testAddCart -->
        <test-method status="PASS" signature="testLogOut()[pri:4, instance:tests.testHome@14acaea5]" name="testLogOut" duration-ms="16893" started-at="2018-04-23T14:18:58Z" finished-at="2018-04-23T14:19:14Z">
          <reporter-output>
          </reporter-output>
        </test-method> <!-- testLogOut -->
        <test-method status="PASS" signature="testNossasLojas()[pri:5, instance:tests.testHome@14acaea5]" name="testNossasLojas" duration-ms="8757" started-at="2018-04-23T14:19:14Z" finished-at="2018-04-23T14:19:23Z">
          <reporter-output>
          </reporter-output>
        </test-method> <!-- testNossasLojas -->
        <test-method status="PASS" signature="testListaPresente()[pri:6, instance:tests.testHome@14acaea5]" name="testListaPresente" duration-ms="8385" started-at="2018-04-23T14:19:23Z" finished-at="2018-04-23T14:19:32Z">
          <reporter-output>
          </reporter-output>
        </test-method> <!-- testListaPresente -->
        <test-method status="PASS" signature="tearDown()[pri:0, instance:tests.testHome@14acaea5]" name="tearDown" is-config="true" duration-ms="1316" started-at="2018-04-23T14:19:32Z" finished-at="2018-04-23T14:19:33Z">
          <reporter-output>
          </reporter-output>
        </test-method> <!-- tearDown -->
      </class> <!-- tests.testHome -->
    </test> <!-- Default test -->
  </suite> <!-- Default suite -->
</testng-results>
