<?xml version="1.0" encoding="UTF-8"?>
<testng-results skipped="0" failed="0" ignored="0" total="6" passed="6">
  <reporter-output>
  </reporter-output>
  <suite name="Default suite" duration-ms="106543" started-at="2018-05-08T13:46:40Z" finished-at="2018-05-08T13:48:26Z">
    <groups>
    </groups>
    <test name="Default test" duration-ms="106543" started-at="2018-05-08T13:46:40Z" finished-at="2018-05-08T13:48:26Z">
      <class name="tests.TestEtna">
        <test-method status="PASS" signature="setUp()[pri:0, instance:tests.TestEtna@14acaea5]" name="setUp" is-config="true" duration-ms="16579" started-at="2018-05-08T10:46:40Z" finished-at="2018-05-08T10:46:56Z">
          <reporter-output>
          </reporter-output>
        </test-method> <!-- setUp -->
        <test-method status="PASS" signature="testHomePage()[pri:1, instance:tests.TestEtna@14acaea5]" name="testHomePage" duration-ms="5164" started-at="2018-05-08T10:46:56Z" finished-at="2018-05-08T10:47:01Z">
          <reporter-output>
          </reporter-output>
        </test-method> <!-- testHomePage -->
        <test-method status="PASS" signature="testListaPresente()[pri:2, instance:tests.TestEtna@14acaea5]" name="testListaPresente" duration-ms="7063" started-at="2018-05-08T10:47:01Z" finished-at="2018-05-08T10:47:08Z">
          <reporter-output>
          </reporter-output>
        </test-method> <!-- testListaPresente -->
        <test-method status="PASS" signature="testNossasLojas()[pri:3, instance:tests.TestEtna@14acaea5]" name="testNossasLojas" duration-ms="6853" started-at="2018-05-08T10:47:08Z" finished-at="2018-05-08T10:47:15Z">
          <reporter-output>
          </reporter-output>
        </test-method> <!-- testNossasLojas -->
        <test-method status="PASS" signature="testLogin()[pri:4, instance:tests.TestEtna@14acaea5]" name="testLogin" duration-ms="12787" started-at="2018-05-08T10:47:15Z" finished-at="2018-05-08T10:47:28Z">
          <reporter-output>
          </reporter-output>
        </test-method> <!-- testLogin -->
        <test-method status="PASS" signature="testCarrinho()[pri:5, instance:tests.TestEtna@14acaea5]" name="testCarrinho" duration-ms="32116" started-at="2018-05-08T10:47:28Z" finished-at="2018-05-08T10:48:00Z">
          <reporter-output>
          </reporter-output>
        </test-method> <!-- testCarrinho -->
        <test-method status="PASS" signature="testLogOut()[pri:20, instance:tests.TestEtna@14acaea5]" name="testLogOut" duration-ms="24991" started-at="2018-05-08T10:48:00Z" finished-at="2018-05-08T10:48:25Z">
          <reporter-output>
          </reporter-output>
        </test-method> <!-- testLogOut -->
        <test-method status="PASS" signature="tearDown()[pri:0, instance:tests.TestEtna@14acaea5]" name="tearDown" is-config="true" duration-ms="960" started-at="2018-05-08T10:48:25Z" finished-at="2018-05-08T10:48:26Z">
          <reporter-output>
          </reporter-output>
        </test-method> <!-- tearDown -->
      </class> <!-- tests.TestEtna -->
    </test> <!-- Default test -->
  </suite> <!-- Default suite -->
</testng-results>
