<?xml version="1.0" encoding="UTF-8"?>
<testng-results skipped="0" failed="0" ignored="0" total="5" passed="5">
  <reporter-output>
  </reporter-output>
  <suite name="TesteSuite" duration-ms="256542" started-at="2018-05-16T19:18:05Z" finished-at="2018-05-16T19:22:22Z">
    <groups>
    </groups>
    <test name="SuiteTest" duration-ms="256542" started-at="2018-05-16T19:18:05Z" finished-at="2018-05-16T19:22:22Z">
      <class name="tests.NossasLojas_Test">
        <test-method status="PASS" signature="setUp()[pri:0, instance:tests.NossasLojas_Test@523884b2]" name="setUp" is-config="true" duration-ms="37155" started-at="2018-05-16T16:19:55Z" finished-at="2018-05-16T16:20:32Z">
          <reporter-output>
          </reporter-output>
        </test-method> <!-- setUp -->
        <test-method status="PASS" signature="nossasLojasTest()[pri:0, instance:tests.NossasLojas_Test@523884b2]" name="nossasLojasTest" duration-ms="8458" started-at="2018-05-16T16:20:32Z" finished-at="2018-05-16T16:20:40Z">
          <reporter-output>
          </reporter-output>
        </test-method> <!-- nossasLojasTest -->
        <test-method status="PASS" signature="tearDown()[pri:0, instance:tests.NossasLojas_Test@523884b2]" name="tearDown" is-config="true" duration-ms="843" started-at="2018-05-16T16:20:40Z" finished-at="2018-05-16T16:20:41Z">
          <reporter-output>
          </reporter-output>
        </test-method> <!-- tearDown -->
      </class> <!-- tests.NossasLojas_Test -->
      <class name="tests.Login_Test">
        <test-method status="PASS" signature="setUp()[pri:0, instance:tests.Login_Test@5b275dab]" name="setUp" is-config="true" duration-ms="35217" started-at="2018-05-16T16:20:41Z" finished-at="2018-05-16T16:21:16Z">
          <reporter-output>
          </reporter-output>
        </test-method> <!-- setUp -->
        <test-method status="PASS" signature="loginTest()[pri:0, instance:tests.Login_Test@5b275dab]" name="loginTest" duration-ms="11781" started-at="2018-05-16T16:21:16Z" finished-at="2018-05-16T16:21:28Z">
          <reporter-output>
          </reporter-output>
        </test-method> <!-- loginTest -->
        <test-method status="PASS" signature="tearDown()[pri:0, instance:tests.Login_Test@5b275dab]" name="tearDown" is-config="true" duration-ms="915" started-at="2018-05-16T16:21:28Z" finished-at="2018-05-16T16:21:29Z">
          <reporter-output>
          </reporter-output>
        </test-method> <!-- tearDown -->
      </class> <!-- tests.Login_Test -->
      <class name="tests.HomePage_Test">
        <test-method status="PASS" signature="setUp()[pri:0, instance:tests.HomePage_Test@28d25987]" name="setUp" is-config="true" duration-ms="55080" started-at="2018-05-16T16:18:05Z" finished-at="2018-05-16T16:19:01Z">
          <reporter-output>
          </reporter-output>
        </test-method> <!-- setUp -->
        <test-method status="PASS" signature="homePageTest()[pri:0, instance:tests.HomePage_Test@28d25987]" name="homePageTest" duration-ms="5177" started-at="2018-05-16T16:19:01Z" finished-at="2018-05-16T16:19:06Z">
          <reporter-output>
          </reporter-output>
        </test-method> <!-- homePageTest -->
        <test-method status="PASS" signature="tearDown()[pri:0, instance:tests.HomePage_Test@28d25987]" name="tearDown" is-config="true" duration-ms="834" started-at="2018-05-16T16:19:06Z" finished-at="2018-05-16T16:19:07Z">
          <reporter-output>
          </reporter-output>
        </test-method> <!-- tearDown -->
      </class> <!-- tests.HomePage_Test -->
      <class name="tests.ListaPresente_Test">
        <test-method status="PASS" signature="setUp()[pri:0, instance:tests.ListaPresente_Test@4501b7af]" name="setUp" is-config="true" duration-ms="38067" started-at="2018-05-16T16:19:07Z" finished-at="2018-05-16T16:19:45Z">
          <reporter-output>
          </reporter-output>
        </test-method> <!-- setUp -->
        <test-method status="PASS" signature="listaPresenteTest()[pri:0, instance:tests.ListaPresente_Test@4501b7af]" name="listaPresenteTest" duration-ms="9276" started-at="2018-05-16T16:19:45Z" finished-at="2018-05-16T16:19:54Z">
          <reporter-output>
          </reporter-output>
        </test-method> <!-- listaPresenteTest -->
        <test-method status="PASS" signature="tearDown()[pri:0, instance:tests.ListaPresente_Test@4501b7af]" name="tearDown" is-config="true" duration-ms="889" started-at="2018-05-16T16:19:54Z" finished-at="2018-05-16T16:19:55Z">
          <reporter-output>
          </reporter-output>
        </test-method> <!-- tearDown -->
      </class> <!-- tests.ListaPresente_Test -->
      <class name="tests.Carrinho_Test">
        <test-method status="PASS" signature="setUp()[pri:0, instance:tests.Carrinho_Test@61832929]" name="setUp" is-config="true" duration-ms="15251" started-at="2018-05-16T16:21:29Z" finished-at="2018-05-16T16:21:44Z">
          <reporter-output>
          </reporter-output>
        </test-method> <!-- setUp -->
        <test-method status="PASS" signature="carrinhoTest()[pri:0, instance:tests.Carrinho_Test@61832929]" name="carrinhoTest" duration-ms="36513" started-at="2018-05-16T16:21:44Z" finished-at="2018-05-16T16:22:21Z">
          <reporter-output>
          </reporter-output>
        </test-method> <!-- carrinhoTest -->
        <test-method status="PASS" signature="tearDown()[pri:0, instance:tests.Carrinho_Test@61832929]" name="tearDown" is-config="true" duration-ms="1044" started-at="2018-05-16T16:22:21Z" finished-at="2018-05-16T16:22:22Z">
          <reporter-output>
          </reporter-output>
        </test-method> <!-- tearDown -->
      </class> <!-- tests.Carrinho_Test -->
    </test> <!-- SuiteTest -->
  </suite> <!-- TesteSuite -->
</testng-results>
