<?xml version="1.0" encoding="UTF-8"?>
<testng-results skipped="0" failed="0" ignored="0" total="3" passed="3">
  <reporter-output>
  </reporter-output>
  <suite name="Default suite" duration-ms="81081" started-at="2018-04-13T19:17:29Z" finished-at="2018-04-13T19:18:50Z">
    <groups>
    </groups>
    <test name="Default test" duration-ms="81081" started-at="2018-04-13T19:17:29Z" finished-at="2018-04-13T19:18:50Z">
      <class name="tests.testHome">
        <test-method status="PASS" signature="setUp()[pri:0, instance:tests.testHome@14acaea5]" name="setUp" is-config="true" duration-ms="18575" started-at="2018-04-13T16:17:29Z" finished-at="2018-04-13T16:17:47Z">
          <reporter-output>
          </reporter-output>
        </test-method> <!-- setUp -->
        <test-method status="PASS" signature="testLogin()[pri:1, instance:tests.testHome@14acaea5]" name="testLogin" duration-ms="7999" started-at="2018-04-13T16:17:47Z" finished-at="2018-04-13T16:17:55Z">
          <reporter-output>
          </reporter-output>
        </test-method> <!-- testLogin -->
        <test-method status="PASS" signature="testCategorias()[pri:2, instance:tests.testHome@14acaea5]" name="testCategorias" duration-ms="417" started-at="2018-04-13T16:17:55Z" finished-at="2018-04-13T16:17:56Z">
          <reporter-output>
          </reporter-output>
        </test-method> <!-- testCategorias -->
        <test-method status="PASS" signature="testAddCart()[pri:3, instance:tests.testHome@14acaea5]" name="testAddCart" duration-ms="53254" started-at="2018-04-13T16:17:56Z" finished-at="2018-04-13T16:18:49Z">
          <reporter-output>
          </reporter-output>
        </test-method> <!-- testAddCart -->
        <test-method status="PASS" signature="tearDown()[pri:0, instance:tests.testHome@14acaea5]" name="tearDown" is-config="true" duration-ms="822" started-at="2018-04-13T16:18:49Z" finished-at="2018-04-13T16:18:50Z">
          <reporter-output>
          </reporter-output>
        </test-method> <!-- tearDown -->
      </class> <!-- tests.testHome -->
    </test> <!-- Default test -->
  </suite> <!-- Default suite -->
</testng-results>
