<?xml version="1.0" encoding="UTF-8"?>
<testng-results skipped="0" failed="0" ignored="0" total="3" passed="3">
  <reporter-output>
  </reporter-output>
  <suite name="Default suite" duration-ms="76343" started-at="2018-04-05T21:13:27Z" finished-at="2018-04-05T21:14:43Z">
    <groups>
    </groups>
    <test name="Default test" duration-ms="76343" started-at="2018-04-05T21:13:27Z" finished-at="2018-04-05T21:14:43Z">
      <class name="tests.testHome">
        <test-method status="PASS" signature="setUp()[pri:0, instance:tests.testHome@14acaea5]" name="setUp" is-config="true" duration-ms="16618" started-at="2018-04-05T18:13:27Z" finished-at="2018-04-05T18:13:43Z">
          <reporter-output>
          </reporter-output>
        </test-method> <!-- setUp -->
        <test-method status="PASS" signature="testLogin()[pri:1, instance:tests.testHome@14acaea5]" name="testLogin" duration-ms="19676" started-at="2018-04-05T18:13:43Z" finished-at="2018-04-05T18:14:03Z">
          <reporter-output>
          </reporter-output>
        </test-method> <!-- testLogin -->
        <test-method status="PASS" signature="testCategorias()[pri:2, instance:tests.testHome@14acaea5]" name="testCategorias" duration-ms="356" started-at="2018-04-05T18:14:03Z" finished-at="2018-04-05T18:14:03Z">
          <reporter-output>
          </reporter-output>
        </test-method> <!-- testCategorias -->
        <test-method status="PASS" signature="testAddCart()[pri:3, instance:tests.testHome@14acaea5]" name="testAddCart" duration-ms="38364" started-at="2018-04-05T18:14:03Z" finished-at="2018-04-05T18:14:42Z">
          <reporter-output>
          </reporter-output>
        </test-method> <!-- testAddCart -->
        <test-method status="PASS" signature="tearDown()[pri:0, instance:tests.testHome@14acaea5]" name="tearDown" is-config="true" duration-ms="1303" started-at="2018-04-05T18:14:42Z" finished-at="2018-04-05T18:14:43Z">
          <reporter-output>
          </reporter-output>
        </test-method> <!-- tearDown -->
      </class> <!-- tests.testHome -->
    </test> <!-- Default test -->
  </suite> <!-- Default suite -->
</testng-results>
