<?xml version="1.0" encoding="UTF-8"?>
<testng-results skipped="0" failed="0" ignored="0" total="2" passed="2">
  <reporter-output>
  </reporter-output>
  <suite name="Default suite" duration-ms="26159" started-at="2018-03-26T18:51:25Z" finished-at="2018-03-26T18:51:52Z">
    <groups>
    </groups>
    <test name="Default test" duration-ms="26159" started-at="2018-03-26T18:51:25Z" finished-at="2018-03-26T18:51:52Z">
      <class name="tests.testHome">
        <test-method status="PASS" signature="setUp()[pri:0, instance:tests.testHome@14acaea5]" name="setUp" is-config="true" duration-ms="18818" started-at="2018-03-26T15:51:25Z" finished-at="2018-03-26T15:51:44Z">
          <reporter-output>
          </reporter-output>
        </test-method> <!-- setUp -->
        <test-method status="PASS" signature="testLogin()[pri:0, instance:tests.testHome@14acaea5]" name="testLogin" duration-ms="5626" started-at="2018-03-26T15:51:44Z" finished-at="2018-03-26T15:51:50Z">
          <reporter-output>
          </reporter-output>
        </test-method> <!-- testLogin -->
        <test-method status="PASS" signature="testCategorias()[pri:1, instance:tests.testHome@14acaea5]" name="testCategorias" duration-ms="346" started-at="2018-03-26T15:51:50Z" finished-at="2018-03-26T15:51:50Z">
          <reporter-output>
          </reporter-output>
        </test-method> <!-- testCategorias -->
        <test-method status="PASS" signature="tearDown()[pri:0, instance:tests.testHome@14acaea5]" name="tearDown" is-config="true" duration-ms="1336" started-at="2018-03-26T15:51:50Z" finished-at="2018-03-26T15:51:52Z">
          <reporter-output>
          </reporter-output>
        </test-method> <!-- tearDown -->
      </class> <!-- tests.testHome -->
    </test> <!-- Default test -->
  </suite> <!-- Default suite -->
</testng-results>
