<?xml version="1.0" encoding="UTF-8"?>
<testng-results skipped="0" failed="0" ignored="0" total="5" passed="5">
  <reporter-output>
  </reporter-output>
  <suite name="Default suite" duration-ms="70619" started-at="2018-04-23T14:21:09Z" finished-at="2018-04-23T14:22:20Z">
    <groups>
    </groups>
    <test name="Default test" duration-ms="70619" started-at="2018-04-23T14:21:09Z" finished-at="2018-04-23T14:22:20Z">
      <class name="tests.testHome">
        <test-method status="PASS" signature="setUp()[pri:0, instance:tests.testHome@14acaea5]" name="setUp" is-config="true" duration-ms="19473" started-at="2018-04-23T11:21:09Z" finished-at="2018-04-23T11:21:29Z">
          <reporter-output>
          </reporter-output>
        </test-method> <!-- setUp -->
        <test-method status="PASS" signature="testLogin()[pri:1, instance:tests.testHome@14acaea5]" name="testLogin" duration-ms="6344" started-at="2018-04-23T11:21:29Z" finished-at="2018-04-23T11:21:35Z">
          <reporter-output>
          </reporter-output>
        </test-method> <!-- testLogin -->
        <test-method status="PASS" signature="testCategorias()[pri:2, instance:tests.testHome@14acaea5]" name="testCategorias" duration-ms="315" started-at="2018-04-23T11:21:35Z" finished-at="2018-04-23T11:21:35Z">
          <reporter-output>
          </reporter-output>
        </test-method> <!-- testCategorias -->
        <test-method status="PASS" signature="testAddCart()[pri:3, instance:tests.testHome@14acaea5]" name="testAddCart" duration-ms="19444" started-at="2018-04-23T11:21:35Z" finished-at="2018-04-23T11:21:55Z">
          <reporter-output>
          </reporter-output>
        </test-method> <!-- testAddCart -->
        <test-method status="PASS" signature="testLogOut()[pri:4, instance:tests.testHome@14acaea5]" name="testLogOut" duration-ms="15730" started-at="2018-04-23T11:21:55Z" finished-at="2018-04-23T11:22:11Z">
          <reporter-output>
          </reporter-output>
        </test-method> <!-- testLogOut -->
        <test-method status="PASS" signature="testNossasLojas()[pri:5, instance:tests.testHome@14acaea5]" name="testNossasLojas" duration-ms="7970" started-at="2018-04-23T11:22:11Z" finished-at="2018-04-23T11:22:19Z">
          <reporter-output>
          </reporter-output>
        </test-method> <!-- testNossasLojas -->
        <test-method status="PASS" signature="tearDown()[pri:0, instance:tests.testHome@14acaea5]" name="tearDown" is-config="true" duration-ms="1317" started-at="2018-04-23T11:22:19Z" finished-at="2018-04-23T11:22:20Z">
          <reporter-output>
          </reporter-output>
        </test-method> <!-- tearDown -->
      </class> <!-- tests.testHome -->
    </test> <!-- Default test -->
  </suite> <!-- Default suite -->
</testng-results>
