<?xml version="1.0" encoding="UTF-8"?>
<testng-results skipped="0" failed="0" ignored="0" total="3" passed="3">
  <reporter-output>
  </reporter-output>
  <suite name="Default suite" duration-ms="33709" started-at="2018-04-05T13:52:42Z" finished-at="2018-04-05T13:53:15Z">
    <groups>
    </groups>
    <test name="Default test" duration-ms="33709" started-at="2018-04-05T13:52:42Z" finished-at="2018-04-05T13:53:15Z">
      <class name="tests.testHome">
        <test-method status="PASS" signature="setUp()[pri:0, instance:tests.testHome@14acaea5]" name="setUp" is-config="true" duration-ms="17633" started-at="2018-04-05T10:52:42Z" finished-at="2018-04-05T10:52:59Z">
          <reporter-output>
          </reporter-output>
        </test-method> <!-- setUp -->
        <test-method status="PASS" signature="testLogin()[pri:0, instance:tests.testHome@14acaea5]" name="testLogin" duration-ms="7391" started-at="2018-04-05T10:52:59Z" finished-at="2018-04-05T10:53:07Z">
          <reporter-output>
          </reporter-output>
        </test-method> <!-- testLogin -->
        <test-method status="PASS" signature="testCategorias()[pri:1, instance:tests.testHome@14acaea5]" name="testCategorias" duration-ms="346" started-at="2018-04-05T10:53:07Z" finished-at="2018-04-05T10:53:07Z">
          <reporter-output>
          </reporter-output>
        </test-method> <!-- testCategorias -->
        <test-method status="PASS" signature="testLogOut()[pri:2, instance:tests.testHome@14acaea5]" name="testLogOut" duration-ms="7349" started-at="2018-04-05T10:53:07Z" finished-at="2018-04-05T10:53:14Z">
          <reporter-output>
          </reporter-output>
        </test-method> <!-- testLogOut -->
        <test-method status="PASS" signature="tearDown()[pri:0, instance:tests.testHome@14acaea5]" name="tearDown" is-config="true" duration-ms="961" started-at="2018-04-05T10:53:14Z" finished-at="2018-04-05T10:53:15Z">
          <reporter-output>
          </reporter-output>
        </test-method> <!-- tearDown -->
      </class> <!-- tests.testHome -->
    </test> <!-- Default test -->
  </suite> <!-- Default suite -->
</testng-results>
