<?xml version="1.0" encoding="UTF-8"?>
<testng-results skipped="0" failed="0" ignored="0" total="6" passed="6">
  <reporter-output>
  </reporter-output>
  <suite name="Default suite" duration-ms="120198" started-at="2018-05-08T13:25:33Z" finished-at="2018-05-08T13:27:33Z">
    <groups>
    </groups>
    <test name="Default test" duration-ms="120198" started-at="2018-05-08T13:25:33Z" finished-at="2018-05-08T13:27:33Z">
      <class name="tests.TestEtna">
        <test-method status="PASS" signature="setUp()[pri:0, instance:tests.TestEtna@14acaea5]" name="setUp" is-config="true" duration-ms="34348" started-at="2018-05-08T10:25:33Z" finished-at="2018-05-08T10:26:07Z">
          <reporter-output>
          </reporter-output>
        </test-method> <!-- setUp -->
        <test-method status="PASS" signature="testHomePage()[pri:1, instance:tests.TestEtna@14acaea5]" name="testHomePage" duration-ms="5131" started-at="2018-05-08T10:26:07Z" finished-at="2018-05-08T10:26:13Z">
          <reporter-output>
          </reporter-output>
        </test-method> <!-- testHomePage -->
        <test-method status="PASS" signature="testListaPresente()[pri:2, instance:tests.TestEtna@14acaea5]" name="testListaPresente" duration-ms="8116" started-at="2018-05-08T10:26:13Z" finished-at="2018-05-08T10:26:21Z">
          <reporter-output>
          </reporter-output>
        </test-method> <!-- testListaPresente -->
        <test-method status="PASS" signature="testNossasLojas()[pri:3, instance:tests.TestEtna@14acaea5]" name="testNossasLojas" duration-ms="6635" started-at="2018-05-08T10:26:21Z" finished-at="2018-05-08T10:26:27Z">
          <reporter-output>
          </reporter-output>
        </test-method> <!-- testNossasLojas -->
        <test-method status="PASS" signature="testLogin()[pri:4, instance:tests.TestEtna@14acaea5]" name="testLogin" duration-ms="13364" started-at="2018-05-08T10:26:27Z" finished-at="2018-05-08T10:26:41Z">
          <reporter-output>
          </reporter-output>
        </test-method> <!-- testLogin -->
        <test-method status="PASS" signature="testCarrinho()[pri:5, instance:tests.TestEtna@14acaea5]" name="testCarrinho" duration-ms="36236" started-at="2018-05-08T10:26:41Z" finished-at="2018-05-08T10:27:17Z">
          <reporter-output>
          </reporter-output>
        </test-method> <!-- testCarrinho -->
        <test-method status="PASS" signature="testLogOut()[pri:20, instance:tests.TestEtna@14acaea5]" name="testLogOut" duration-ms="15425" started-at="2018-05-08T10:27:17Z" finished-at="2018-05-08T10:27:32Z">
          <reporter-output>
          </reporter-output>
        </test-method> <!-- testLogOut -->
        <test-method status="PASS" signature="tearDown()[pri:0, instance:tests.TestEtna@14acaea5]" name="tearDown" is-config="true" duration-ms="902" started-at="2018-05-08T10:27:32Z" finished-at="2018-05-08T10:27:33Z">
          <reporter-output>
          </reporter-output>
        </test-method> <!-- tearDown -->
      </class> <!-- tests.TestEtna -->
    </test> <!-- Default test -->
  </suite> <!-- Default suite -->
</testng-results>
