<?xml version="1.0" encoding="UTF-8"?>
<testng-results skipped="0" failed="0" ignored="0" total="6" passed="6">
  <reporter-output>
  </reporter-output>
  <suite name="Default suite" duration-ms="118488" started-at="2018-04-25T13:53:35Z" finished-at="2018-04-25T13:55:34Z">
    <groups>
    </groups>
    <test name="Default test" duration-ms="118488" started-at="2018-04-25T13:53:35Z" finished-at="2018-04-25T13:55:34Z">
      <class name="tests.testHome">
        <test-method status="PASS" signature="setUp()[pri:0, instance:tests.testHome@14acaea5]" name="setUp" is-config="true" duration-ms="15957" started-at="2018-04-25T10:53:35Z" finished-at="2018-04-25T10:53:51Z">
          <reporter-output>
          </reporter-output>
        </test-method> <!-- setUp -->
        <test-method status="PASS" signature="testHomePage()[pri:1, instance:tests.testHome@14acaea5]" name="testHomePage" duration-ms="373" started-at="2018-04-25T10:53:51Z" finished-at="2018-04-25T10:53:52Z">
          <reporter-output>
          </reporter-output>
        </test-method> <!-- testHomePage -->
        <test-method status="PASS" signature="testListaPresente()[pri:2, instance:tests.testHome@14acaea5]" name="testListaPresente" duration-ms="5866" started-at="2018-04-25T10:53:52Z" finished-at="2018-04-25T10:53:58Z">
          <reporter-output>
          </reporter-output>
        </test-method> <!-- testListaPresente -->
        <test-method status="PASS" signature="testNossasLojas()[pri:3, instance:tests.testHome@14acaea5]" name="testNossasLojas" duration-ms="5951" started-at="2018-04-25T10:53:58Z" finished-at="2018-04-25T10:54:04Z">
          <reporter-output>
          </reporter-output>
        </test-method> <!-- testNossasLojas -->
        <test-method status="PASS" signature="testLogin()[pri:4, instance:tests.testHome@14acaea5]" name="testLogin" duration-ms="12835" started-at="2018-04-25T10:54:04Z" finished-at="2018-04-25T10:54:16Z">
          <reporter-output>
          </reporter-output>
        </test-method> <!-- testLogin -->
        <test-method status="PASS" signature="testCarrinho()[pri:5, instance:tests.testHome@14acaea5]" name="testCarrinho" duration-ms="60529" started-at="2018-04-25T10:54:16Z" finished-at="2018-04-25T10:55:17Z">
          <reporter-output>
          </reporter-output>
        </test-method> <!-- testCarrinho -->
        <test-method status="PASS" signature="testLogOut()[pri:20, instance:tests.testHome@14acaea5]" name="testLogOut" duration-ms="15569" started-at="2018-04-25T10:55:17Z" finished-at="2018-04-25T10:55:33Z">
          <reporter-output>
          </reporter-output>
        </test-method> <!-- testLogOut -->
        <test-method status="PASS" signature="tearDown()[pri:0, instance:tests.testHome@14acaea5]" name="tearDown" is-config="true" duration-ms="1369" started-at="2018-04-25T10:55:33Z" finished-at="2018-04-25T10:55:34Z">
          <reporter-output>
          </reporter-output>
        </test-method> <!-- tearDown -->
      </class> <!-- tests.testHome -->
    </test> <!-- Default test -->
  </suite> <!-- Default suite -->
</testng-results>
