<?xml version="1.0" encoding="UTF-8"?>
<testng-results skipped="0" failed="0" ignored="0" total="6" passed="6">
  <reporter-output>
  </reporter-output>
  <suite name="Default suite" duration-ms="217200" started-at="2018-04-26T17:59:39Z" finished-at="2018-04-26T18:03:17Z">
    <groups>
    </groups>
    <test name="Default test" duration-ms="217200" started-at="2018-04-26T17:59:39Z" finished-at="2018-04-26T18:03:17Z">
      <class name="tests.testEtna">
        <test-method status="PASS" signature="setUp()[pri:0, instance:tests.testEtna@14acaea5]" name="setUp" is-config="true" duration-ms="37763" started-at="2018-04-26T14:59:39Z" finished-at="2018-04-26T15:00:17Z">
          <reporter-output>
          </reporter-output>
        </test-method> <!-- setUp -->
        <test-method status="PASS" signature="testHomePage()[pri:1, instance:tests.testEtna@14acaea5]" name="testHomePage" duration-ms="5737" started-at="2018-04-26T15:00:17Z" finished-at="2018-04-26T15:00:23Z">
          <reporter-output>
          </reporter-output>
        </test-method> <!-- testHomePage -->
        <test-method status="PASS" signature="testListaPresente()[pri:2, instance:tests.testEtna@14acaea5]" name="testListaPresente" duration-ms="29417" started-at="2018-04-26T15:00:23Z" finished-at="2018-04-26T15:00:52Z">
          <reporter-output>
          </reporter-output>
        </test-method> <!-- testListaPresente -->
        <test-method status="PASS" signature="testNossasLojas()[pri:3, instance:tests.testEtna@14acaea5]" name="testNossasLojas" duration-ms="27541" started-at="2018-04-26T15:00:52Z" finished-at="2018-04-26T15:01:20Z">
          <reporter-output>
          </reporter-output>
        </test-method> <!-- testNossasLojas -->
        <test-method status="PASS" signature="testLogin()[pri:4, instance:tests.testEtna@14acaea5]" name="testLogin" duration-ms="42764" started-at="2018-04-26T15:01:20Z" finished-at="2018-04-26T15:02:03Z">
          <reporter-output>
          </reporter-output>
        </test-method> <!-- testLogin -->
        <test-method status="PASS" signature="testCarrinho()[pri:5, instance:tests.testEtna@14acaea5]" name="testCarrinho" duration-ms="43934" started-at="2018-04-26T15:02:03Z" finished-at="2018-04-26T15:02:47Z">
          <reporter-output>
          </reporter-output>
        </test-method> <!-- testCarrinho -->
        <test-method status="PASS" signature="testLogOut()[pri:20, instance:tests.testEtna@14acaea5]" name="testLogOut" duration-ms="29119" started-at="2018-04-26T15:02:47Z" finished-at="2018-04-26T15:03:16Z">
          <reporter-output>
          </reporter-output>
        </test-method> <!-- testLogOut -->
        <test-method status="PASS" signature="tearDown()[pri:0, instance:tests.testEtna@14acaea5]" name="tearDown" is-config="true" duration-ms="880" started-at="2018-04-26T15:03:16Z" finished-at="2018-04-26T15:03:17Z">
          <reporter-output>
          </reporter-output>
        </test-method> <!-- tearDown -->
      </class> <!-- tests.testEtna -->
    </test> <!-- Default test -->
  </suite> <!-- Default suite -->
</testng-results>
