<?xml version="1.0" encoding="UTF-8"?>
<testng-results skipped="0" failed="0" ignored="0" total="2" passed="2">
  <reporter-output>
  </reporter-output>
  <suite name="Default suite" duration-ms="26955" started-at="2018-04-03T16:43:21Z" finished-at="2018-04-03T16:43:48Z">
    <groups>
    </groups>
    <test name="Default test" duration-ms="26955" started-at="2018-04-03T16:43:21Z" finished-at="2018-04-03T16:43:48Z">
      <class name="tests.testHome">
        <test-method status="PASS" signature="setUp()[pri:0, instance:tests.testHome@14acaea5]" name="setUp" is-config="true" duration-ms="19861" started-at="2018-04-03T13:43:21Z" finished-at="2018-04-03T13:43:41Z">
          <reporter-output>
          </reporter-output>
        </test-method> <!-- setUp -->
        <test-method status="PASS" signature="testLogin()[pri:0, instance:tests.testHome@14acaea5]" name="testLogin" duration-ms="5362" started-at="2018-04-03T13:43:41Z" finished-at="2018-04-03T13:43:46Z">
          <reporter-output>
          </reporter-output>
        </test-method> <!-- testLogin -->
        <test-method status="PASS" signature="testCategorias()[pri:1, instance:tests.testHome@14acaea5]" name="testCategorias" duration-ms="339" started-at="2018-04-03T13:43:46Z" finished-at="2018-04-03T13:43:47Z">
          <reporter-output>
          </reporter-output>
        </test-method> <!-- testCategorias -->
        <test-method status="PASS" signature="tearDown()[pri:0, instance:tests.testHome@14acaea5]" name="tearDown" is-config="true" duration-ms="1362" started-at="2018-04-03T13:43:47Z" finished-at="2018-04-03T13:43:48Z">
          <reporter-output>
          </reporter-output>
        </test-method> <!-- tearDown -->
      </class> <!-- tests.testHome -->
    </test> <!-- Default test -->
  </suite> <!-- Default suite -->
</testng-results>
