<?xml version="1.0" encoding="UTF-8"?>
<testng-results skipped="0" failed="0" ignored="0" total="4" passed="4">
  <reporter-output>
  </reporter-output>
  <suite name="Default suite" duration-ms="96194" started-at="2018-04-17T18:33:47Z" finished-at="2018-04-17T18:35:24Z">
    <groups>
    </groups>
    <test name="Default test" duration-ms="96194" started-at="2018-04-17T18:33:47Z" finished-at="2018-04-17T18:35:24Z">
      <class name="tests.testHome">
        <test-method status="PASS" signature="setUp()[pri:0, instance:tests.testHome@14acaea5]" name="setUp" is-config="true" duration-ms="16107" started-at="2018-04-17T15:33:47Z" finished-at="2018-04-17T15:34:03Z">
          <reporter-output>
          </reporter-output>
        </test-method> <!-- setUp -->
        <test-method status="PASS" signature="testLogin()[pri:1, instance:tests.testHome@14acaea5]" name="testLogin" duration-ms="9032" started-at="2018-04-17T15:34:03Z" finished-at="2018-04-17T15:34:12Z">
          <reporter-output>
          </reporter-output>
        </test-method> <!-- testLogin -->
        <test-method status="PASS" signature="testCategorias()[pri:2, instance:tests.testHome@14acaea5]" name="testCategorias" duration-ms="510" started-at="2018-04-17T15:34:13Z" finished-at="2018-04-17T15:34:13Z">
          <reporter-output>
          </reporter-output>
        </test-method> <!-- testCategorias -->
        <test-method status="PASS" signature="testAddCart()[pri:3, instance:tests.testHome@14acaea5]" name="testAddCart" duration-ms="52786" started-at="2018-04-17T15:34:13Z" finished-at="2018-04-17T15:35:06Z">
          <reporter-output>
          </reporter-output>
        </test-method> <!-- testAddCart -->
        <test-method status="PASS" signature="testLogOut()[pri:4, instance:tests.testHome@14acaea5]" name="testLogOut" duration-ms="16739" started-at="2018-04-17T15:35:06Z" finished-at="2018-04-17T15:35:23Z">
          <reporter-output>
          </reporter-output>
        </test-method> <!-- testLogOut -->
        <test-method status="PASS" signature="tearDown()[pri:0, instance:tests.testHome@14acaea5]" name="tearDown" is-config="true" duration-ms="988" started-at="2018-04-17T15:35:23Z" finished-at="2018-04-17T15:35:24Z">
          <reporter-output>
          </reporter-output>
        </test-method> <!-- tearDown -->
      </class> <!-- tests.testHome -->
    </test> <!-- Default test -->
  </suite> <!-- Default suite -->
</testng-results>
