<?xml version="1.0" encoding="UTF-8"?>
<testng-results skipped="0" failed="0" ignored="0" total="4" passed="4">
  <reporter-output>
  </reporter-output>
  <suite name="Default suite" duration-ms="67079" started-at="2018-04-16T18:52:18Z" finished-at="2018-04-16T18:53:25Z">
    <groups>
    </groups>
    <test name="Default test" duration-ms="67079" started-at="2018-04-16T18:52:18Z" finished-at="2018-04-16T18:53:25Z">
      <class name="tests.testHome">
        <test-method status="PASS" signature="setUp()[pri:0, instance:tests.testHome@14acaea5]" name="setUp" is-config="true" duration-ms="14908" started-at="2018-04-16T15:52:18Z" finished-at="2018-04-16T15:52:32Z">
          <reporter-output>
          </reporter-output>
        </test-method> <!-- setUp -->
        <test-method status="PASS" signature="testLogin()[pri:1, instance:tests.testHome@14acaea5]" name="testLogin" duration-ms="9186" started-at="2018-04-16T15:52:32Z" finished-at="2018-04-16T15:52:42Z">
          <reporter-output>
          </reporter-output>
        </test-method> <!-- testLogin -->
        <test-method status="PASS" signature="testCategorias()[pri:2, instance:tests.testHome@14acaea5]" name="testCategorias" duration-ms="506" started-at="2018-04-16T15:52:42Z" finished-at="2018-04-16T15:52:42Z">
          <reporter-output>
          </reporter-output>
        </test-method> <!-- testCategorias -->
        <test-method status="PASS" signature="testAddCart()[pri:3, instance:tests.testHome@14acaea5]" name="testAddCart" duration-ms="22228" started-at="2018-04-16T15:52:42Z" finished-at="2018-04-16T15:53:04Z">
          <reporter-output>
          </reporter-output>
        </test-method> <!-- testAddCart -->
        <test-method status="PASS" signature="testLogOut()[pri:4, instance:tests.testHome@14acaea5]" name="testLogOut" duration-ms="19343" started-at="2018-04-16T15:53:04Z" finished-at="2018-04-16T15:53:24Z">
          <reporter-output>
          </reporter-output>
        </test-method> <!-- testLogOut -->
        <test-method status="PASS" signature="tearDown()[pri:0, instance:tests.testHome@14acaea5]" name="tearDown" is-config="true" duration-ms="875" started-at="2018-04-16T15:53:24Z" finished-at="2018-04-16T15:53:25Z">
          <reporter-output>
          </reporter-output>
        </test-method> <!-- tearDown -->
      </class> <!-- tests.testHome -->
    </test> <!-- Default test -->
  </suite> <!-- Default suite -->
</testng-results>
