<?xml version="1.0" encoding="UTF-8"?>
<testng-results skipped="0" failed="0" ignored="0" total="3" passed="3">
  <reporter-output>
  </reporter-output>
  <suite name="Default suite" duration-ms="71885" started-at="2018-04-05T14:22:34Z" finished-at="2018-04-05T14:23:46Z">
    <groups>
    </groups>
    <test name="Default test" duration-ms="71885" started-at="2018-04-05T14:22:34Z" finished-at="2018-04-05T14:23:46Z">
      <class name="tests.testHome">
        <test-method status="PASS" signature="setUp()[pri:0, instance:tests.testHome@14acaea5]" name="setUp" is-config="true" duration-ms="28369" started-at="2018-04-05T11:22:34Z" finished-at="2018-04-05T11:23:02Z">
          <reporter-output>
          </reporter-output>
        </test-method> <!-- setUp -->
        <test-method status="PASS" signature="testLogin()[pri:0, instance:tests.testHome@14acaea5]" name="testLogin" duration-ms="7732" started-at="2018-04-05T11:23:02Z" finished-at="2018-04-05T11:23:10Z">
          <reporter-output>
          </reporter-output>
        </test-method> <!-- testLogin -->
        <test-method status="PASS" signature="testCategorias()[pri:1, instance:tests.testHome@14acaea5]" name="testCategorias" duration-ms="334" started-at="2018-04-05T11:23:10Z" finished-at="2018-04-05T11:23:11Z">
          <reporter-output>
          </reporter-output>
        </test-method> <!-- testCategorias -->
        <test-method status="PASS" signature="testLogOut()[pri:2, instance:tests.testHome@14acaea5]" name="testLogOut" duration-ms="34104" started-at="2018-04-05T11:23:11Z" finished-at="2018-04-05T11:23:45Z">
          <reporter-output>
          </reporter-output>
        </test-method> <!-- testLogOut -->
        <test-method status="PASS" signature="tearDown()[pri:0, instance:tests.testHome@14acaea5]" name="tearDown" is-config="true" duration-ms="1312" started-at="2018-04-05T11:23:45Z" finished-at="2018-04-05T11:23:46Z">
          <reporter-output>
          </reporter-output>
        </test-method> <!-- tearDown -->
      </class> <!-- tests.testHome -->
    </test> <!-- Default test -->
  </suite> <!-- Default suite -->
</testng-results>
