<?xml version="1.0" encoding="UTF-8"?>
<testng-results skipped="0" failed="0" ignored="0" total="2" passed="2">
  <reporter-output>
  </reporter-output>
  <suite name="Default suite" duration-ms="24667" started-at="2018-03-26T19:53:48Z" finished-at="2018-03-26T19:54:13Z">
    <groups>
    </groups>
    <test name="Default test" duration-ms="24667" started-at="2018-03-26T19:53:48Z" finished-at="2018-03-26T19:54:13Z">
      <class name="tests.testHome">
        <test-method status="PASS" signature="setUp()[pri:0, instance:tests.testHome@14acaea5]" name="setUp" is-config="true" duration-ms="17010" started-at="2018-03-26T16:53:48Z" finished-at="2018-03-26T16:54:05Z">
          <reporter-output>
          </reporter-output>
        </test-method> <!-- setUp -->
        <test-method status="PASS" signature="testLogin()[pri:0, instance:tests.testHome@14acaea5]" name="testLogin" duration-ms="5536" started-at="2018-03-26T16:54:05Z" finished-at="2018-03-26T16:54:11Z">
          <reporter-output>
          </reporter-output>
        </test-method> <!-- testLogin -->
        <test-method status="PASS" signature="testCategorias()[pri:1, instance:tests.testHome@14acaea5]" name="testCategorias" duration-ms="631" started-at="2018-03-26T16:54:11Z" finished-at="2018-03-26T16:54:11Z">
          <reporter-output>
          </reporter-output>
        </test-method> <!-- testCategorias -->
        <test-method status="PASS" signature="tearDown()[pri:0, instance:tests.testHome@14acaea5]" name="tearDown" is-config="true" duration-ms="1471" started-at="2018-03-26T16:54:11Z" finished-at="2018-03-26T16:54:13Z">
          <reporter-output>
          </reporter-output>
        </test-method> <!-- tearDown -->
      </class> <!-- tests.testHome -->
    </test> <!-- Default test -->
  </suite> <!-- Default suite -->
</testng-results>
