<?xml version="1.0" encoding="UTF-8"?>
<testng-results skipped="0" failed="0" ignored="0" total="6" passed="6">
  <reporter-output>
  </reporter-output>
  <suite name="Default suite" duration-ms="80653" started-at="2018-04-23T17:35:29Z" finished-at="2018-04-23T17:36:50Z">
    <groups>
    </groups>
    <test name="Default test" duration-ms="80653" started-at="2018-04-23T17:35:29Z" finished-at="2018-04-23T17:36:50Z">
      <class name="tests.testHome">
        <test-method status="PASS" signature="setUp()[pri:0, instance:tests.testHome@14acaea5]" name="setUp" is-config="true" duration-ms="15041" started-at="2018-04-23T14:35:29Z" finished-at="2018-04-23T14:35:44Z">
          <reporter-output>
          </reporter-output>
        </test-method> <!-- setUp -->
        <test-method status="PASS" signature="testLogin()[pri:1, instance:tests.testHome@14acaea5]" name="testLogin" duration-ms="8255" started-at="2018-04-23T14:35:44Z" finished-at="2018-04-23T14:35:52Z">
          <reporter-output>
          </reporter-output>
        </test-method> <!-- testLogin -->
        <test-method status="PASS" signature="testCategorias()[pri:2, instance:tests.testHome@14acaea5]" name="testCategorias" duration-ms="360" started-at="2018-04-23T14:35:52Z" finished-at="2018-04-23T14:35:53Z">
          <reporter-output>
          </reporter-output>
        </test-method> <!-- testCategorias -->
        <test-method status="PASS" signature="testAddCart()[pri:3, instance:tests.testHome@14acaea5]" name="testAddCart" duration-ms="26826" started-at="2018-04-23T14:35:53Z" finished-at="2018-04-23T14:36:19Z">
          <reporter-output>
          </reporter-output>
        </test-method> <!-- testAddCart -->
        <test-method status="PASS" signature="testLogOut()[pri:4, instance:tests.testHome@14acaea5]" name="testLogOut" duration-ms="16338" started-at="2018-04-23T14:36:19Z" finished-at="2018-04-23T14:36:36Z">
          <reporter-output>
          </reporter-output>
        </test-method> <!-- testLogOut -->
        <test-method status="PASS" signature="testNossasLojas()[pri:5, instance:tests.testHome@14acaea5]" name="testNossasLojas" duration-ms="6996" started-at="2018-04-23T14:36:36Z" finished-at="2018-04-23T14:36:43Z">
          <reporter-output>
          </reporter-output>
        </test-method> <!-- testNossasLojas -->
        <test-method status="PASS" signature="testListaPresente()[pri:6, instance:tests.testHome@14acaea5]" name="testListaPresente" duration-ms="5523" started-at="2018-04-23T14:36:43Z" finished-at="2018-04-23T14:36:48Z">
          <reporter-output>
          </reporter-output>
        </test-method> <!-- testListaPresente -->
        <test-method status="PASS" signature="tearDown()[pri:0, instance:tests.testHome@14acaea5]" name="tearDown" is-config="true" duration-ms="1281" started-at="2018-04-23T14:36:48Z" finished-at="2018-04-23T14:36:50Z">
          <reporter-output>
          </reporter-output>
        </test-method> <!-- tearDown -->
      </class> <!-- tests.testHome -->
    </test> <!-- Default test -->
  </suite> <!-- Default suite -->
</testng-results>
