<?xml version="1.0" encoding="UTF-8"?>
<testng-results skipped="0" failed="0" ignored="0" total="1" passed="1">
  <reporter-output>
  </reporter-output>
  <suite name="Default suite" duration-ms="88857" started-at="2018-05-15T14:37:50Z" finished-at="2018-05-15T14:39:19Z">
    <groups>
    </groups>
    <test name="Default test" duration-ms="88857" started-at="2018-05-15T14:37:50Z" finished-at="2018-05-15T14:39:19Z">
      <class name="tests.CarrinhoTest">
        <test-method status="PASS" signature="setUp()[pri:0, instance:tests.CarrinhoTest@14acaea5]" name="setUp" is-config="true" duration-ms="16076" started-at="2018-05-15T11:37:50Z" finished-at="2018-05-15T11:38:06Z">
          <reporter-output>
          </reporter-output>
        </test-method> <!-- setUp -->
        <test-method status="PASS" signature="carrinhoTest()[pri:0, instance:tests.CarrinhoTest@14acaea5]" name="carrinhoTest" duration-ms="71802" started-at="2018-05-15T11:38:06Z" finished-at="2018-05-15T11:39:18Z">
          <reporter-output>
          </reporter-output>
        </test-method> <!-- carrinhoTest -->
        <test-method status="PASS" signature="tearDown()[pri:0, instance:tests.CarrinhoTest@14acaea5]" name="tearDown" is-config="true" duration-ms="939" started-at="2018-05-15T11:39:18Z" finished-at="2018-05-15T11:39:19Z">
          <reporter-output>
          </reporter-output>
        </test-method> <!-- tearDown -->
      </class> <!-- tests.CarrinhoTest -->
    </test> <!-- Default test -->
  </suite> <!-- Default suite -->
</testng-results>
