<?xml version="1.0" encoding="UTF-8"?>
<!-- Generated by org.testng.reporters.JUnitXMLReporter -->
<testsuite hostname="DESKTOP-QE6D7HJ" ignored="0" name="SuiteTest" tests="5" failures="0" timestamp="18 mai 2018 18:52:41 GMT" time="241.136" errors="0">
  <testcase name="homePageTest" time="6.269" classname="tests.HomePage_Test"/>
  <testcase name="listaPresenteTest" time="7.966" classname="tests.ListaPresente_Test"/>
  <testcase name="nossasLojasTest" time="7.758" classname="tests.NossasLojas_Test"/>
  <testcase name="loginTest" time="7.858" classname="tests.Login_Test"/>
  <testcase name="carrinhoTest" time="46.914" classname="tests.Carrinho_Test"/>
</testsuite> <!-- SuiteTest -->
