<?xml version="1.0" encoding="UTF-8"?>
<!-- Generated by org.testng.reporters.JUnitXMLReporter -->
<testsuite hostname="DESKTOP-QE6D7HJ" ignored="0" name="SuiteTest" tests="5" failures="0" timestamp="16 mai 2018 20:14:31 GMT" time="230.112" errors="0">
  <testcase name="homePageTest" time="5.249" classname="tests.HomePage_Test"/>
  <testcase name="listaPresenteTest" time="13.895" classname="tests.ListaPresente_Test"/>
  <testcase name="nossasLojasTest" time="9.521" classname="tests.NossasLojas_Test"/>
  <testcase name="loginTest" time="13.126" classname="tests.Login_Test"/>
  <testcase name="carrinhoTest" time="40.361" classname="tests.Carrinho_Test"/>
</testsuite> <!-- SuiteTest -->
